\BOOKMARK [0][-]{cover.0}{\376\377\134\001\227\142}{}% 1
\BOOKMARK [0][-]{originalitydeclaration.0}{\376\377\162\354\122\033\140\047\130\360\146\016}{}% 2
\BOOKMARK [0][-]{chineseabstract.0}{\376\377\116\055\145\207\144\130\211\201}{}% 3
\BOOKMARK [0][-]{englishabstract.0}{\376\377\202\361\145\207\144\130\211\201}{}% 4
\BOOKMARK [0][-]{toc.0}{\376\377\166\356\137\125}{}% 5
\BOOKMARK [0][-]{chapter*.4}{\376\377\126\376\166\356\137\125}{}% 6
\BOOKMARK [0][-]{chapter*.5}{\376\377\210\150\166\356\137\125}{}% 7
\BOOKMARK [0][-]{acronyms.0}{\376\377\177\051\165\145\213\315\210\150}{}% 8
\BOOKMARK [0][-]{Symbols.0}{\376\377\116\073\211\201\173\046\123\367\210\150}{}% 9
\BOOKMARK [0][-]{chapter.1}{\376\377\173\054\116\000\172\340\000\040\176\352\000\040\213\272}{}% 10
\BOOKMARK [0][-]{chapter.2}{\376\377\173\054\116\214\172\340\000\040\166\370\121\163\170\024\172\166\127\372\170\100}{}% 11
\BOOKMARK [0][-]{chapter.3}{\376\377\173\054\116\011\172\340\000\040\135\345\117\134\121\205\133\271\000x\000x\000x}{}% 12
\BOOKMARK [0][-]{chapter.4}{\376\377\173\054\126\333\172\340\000\040\121\150\145\207\140\073\176\323\116\016\134\125\147\033}{}% 13
\BOOKMARK [0][-]{chapter*.13}{\376\377\201\364\000\040\214\042}{}% 14
\BOOKMARK [0][-]{appendix.A}{\376\377\226\104\137\125\000A\000\040\000x\000x\000x\000x}{}% 15
\BOOKMARK [0][-]{appendix*.14}{\376\377\145\073\213\373\170\125\130\353\133\146\117\115\147\037\225\364\123\326\137\227\166\204\142\020\147\234}{}% 16
\BOOKMARK [1][-]{section.A.1}{\376\377\0001\000\040\133\146\147\057\213\272\145\207}{appendix*.14}% 17
\BOOKMARK [1][-]{section.A.2}{\376\377\0002\000\040\123\321\146\016\116\023\122\051}{appendix*.14}% 18
\BOOKMARK [0][-]{appendix*.15}{\376\377\131\026\145\207\215\104\145\231\123\237\145\207}{}% 19
\BOOKMARK [0][-]{appendix*.16}{\376\377\131\026\145\207\215\104\145\231\213\321\145\207}{}% 20
